<?xml version="1.0" encoding="UTF-8"?>
<!-- Generated by org.testng.reporters.JUnitXMLReporter -->
<testsuite ignored="1" hostname="Chetan-pc" failures="0" tests="1" name="Default test" time="6.323" errors="0" timestamp="2024-09-23T11:45:55 IST">
  <testcase classname="com.workoutworks.gms.dashboardtest.Working_with_DashboardModuleTest" name="CreatePackageTypeWithCategory" time="2.952"/>
  <testcase classname="com.workoutworks.gms.dashboardtest.Working_with_DashboardModuleTest" name="createCategoryAndDelete" time="0.0">
    <ignored/>
  </testcase> <!-- createCategoryAndDelete -->
</testsuite> <!-- Default test -->
