<?xml version="1.0" encoding="UTF-8"?>
<!-- Generated by org.testng.reporters.JUnitXMLReporter -->
<testsuite ignored="4" hostname="Chetan-pc" failures="0" tests="5" name="Full_Regression_Suite" time="40.686" errors="0" timestamp="2024-09-23T11:52:16 IST">
  <testcase classname="com.workoutworks.gms.packagetest.Working_with_PackageModuleTest" name="EditPackageInManagePageUnderPackage" time="6.124"/>
  <testcase classname="com.workoutworks.gms.packagetest.Working_with_PackageModuleTest" name="createPackageWithCategoryAndPackageType" time="4.567"/>
  <testcase classname="com.workoutworks.gms.dashboardtest.Working_with_DashboardModuleTest" name="CreatePackageTypeAndDeletingWithCategory" time="2.818"/>
  <testcase classname="com.workoutworks.gms.dashboardtest.Working_with_DashboardModuleTest" name="createCategoryAndDelete" time="0.942"/>
  <testcase classname="com.workoutworks.gms.usertest.Working_With_PricingPlanModule" name="bookingPricingPlanWithPackagecreation" time="10.703"/>
  <testcase classname="com.workoutworks.gms.generic.baseclass.BaseClass" name="@AfterSuite configAS" time="0.0">
    <ignored/>
  </testcase> <!-- @AfterSuite configAS -->
  <testcase classname="com.workoutworks.gms.generic.baseclass.BaseClass" name="@AfterSuite configAS" time="0.0">
    <ignored/>
  </testcase> <!-- @AfterSuite configAS -->
  <testcase classname="com.workoutworks.gms.generic.baseclass.BaseClass" name="@BeforeSuite configBS" time="0.0">
    <ignored/>
  </testcase> <!-- @BeforeSuite configBS -->
  <testcase classname="com.workoutworks.gms.generic.baseclass.BaseClass" name="@BeforeSuite configBS" time="0.0">
    <ignored/>
  </testcase> <!-- @BeforeSuite configBS -->
</testsuite> <!-- Full_Regression_Suite -->
