<?xml version="1.0" encoding="UTF-8"?>
<!-- Generated by org.testng.reporters.JUnitXMLReporter -->
<testsuite ignored="4" hostname="Chetan-pc" failures="0" tests="5" name="Suite" time="39.71" errors="0" timestamp="2024-09-24T10:07:08 IST">
  <testcase classname="com.workoutworks.gms.packagetest.Working_with_PackageModuleTest" name="createPackageWithCategoryAndPackageTypeTest" time="9.092"/>
  <testcase classname="com.workoutworks.gms.packagetest.Working_with_PackageModuleTest" name="editPackageInManagePageUnderPackageTest" time="4.397"/>
  <testcase classname="com.workoutworks.gms.dashboardtest.Working_with_DashboardModuleTest" name="createCategoryAndDeleteTest" time="0.799"/>
  <testcase classname="com.workoutworks.gms.dashboardtest.Working_with_DashboardModuleTest" name="createPackageTypeAndDeletingWithCategoryTest" time="1.975"/>
  <testcase classname="com.workoutworks.gms.usertest.Working_With_PricingPlanModuleTest" name="bookingPricingPlanWithPackagecreationTest" time="8.356"/>
  <testcase classname="com.workoutworks.gms.generic.baseclass.BaseClass" name="@AfterSuite configAS" time="0.0">
    <ignored/>
  </testcase> <!-- @AfterSuite configAS -->
  <testcase classname="com.workoutworks.gms.generic.baseclass.BaseClass" name="@AfterSuite configAS" time="0.0">
    <ignored/>
  </testcase> <!-- @AfterSuite configAS -->
  <testcase classname="com.workoutworks.gms.generic.baseclass.BaseClass" name="@BeforeSuite configBS" time="0.0">
    <ignored/>
  </testcase> <!-- @BeforeSuite configBS -->
  <testcase classname="com.workoutworks.gms.generic.baseclass.BaseClass" name="@BeforeSuite configBS" time="0.0">
    <ignored/>
  </testcase> <!-- @BeforeSuite configBS -->
</testsuite> <!-- Suite -->
