<?xml version="1.0" encoding="UTF-8"?>
<!-- Generated by org.testng.reporters.JUnitXMLReporter -->
<testsuite ignored="0" hostname="Chetan-pc" failures="0" tests="2" name="Test1" time="37.06" errors="0" timestamp="2024-09-23T12:47:25 IST">
  <testcase classname="com.workoutworks.gms.dashboardtest.Working_with_DashboardModuleTest" name="createCategoryAndDeleteTest" time="5.14"/>
  <testcase classname="com.workoutworks.gms.dashboardtest.Working_with_DashboardModuleTest" name="createPackageTypeAndDeletingWithCategoryTest" time="7.508"/>
</testsuite> <!-- Test1 -->
