<?xml version="1.0" encoding="UTF-8"?>
<!-- Generated by org.testng.reporters.JUnitXMLReporter -->
<testsuite ignored="4" hostname="Chetan-pc" failures="0" tests="2" name="test" time="17.82" errors="0" timestamp="2024-09-23T12:16:43 IST">
  <testcase classname="com.workoutworks.gms.dashboardtest.Working_with_DashboardModuleTest" name="createCategoryAndDeleteTest" time="1.704"/>
  <testcase classname="com.workoutworks.gms.packagetest.Working_with_PackageModuleTest" name="editPackageInManagePageUnderPackageTest" time="6.11"/>
  <testcase classname="com.workoutworks.gms.generic.baseclass.BaseClass" name="@AfterSuite configAS" time="0.0">
    <ignored/>
  </testcase> <!-- @AfterSuite configAS -->
  <testcase classname="com.workoutworks.gms.packagetest.Working_with_PackageModuleTest" name="createPackageWithCategoryAndPackageTypeTest" time="0.0">
    <ignored/>
  </testcase> <!-- createPackageWithCategoryAndPackageTypeTest -->
  <testcase classname="com.workoutworks.gms.dashboardtest.Working_with_DashboardModuleTest" name="createPackageTypeAndDeletingWithCategoryTest" time="0.0">
    <ignored/>
  </testcase> <!-- createPackageTypeAndDeletingWithCategoryTest -->
  <testcase classname="com.workoutworks.gms.generic.baseclass.BaseClass" name="@BeforeSuite configBS" time="0.0">
    <ignored/>
  </testcase> <!-- @BeforeSuite configBS -->
</testsuite> <!-- test -->
