<?xml version="1.0" encoding="UTF-8"?>
<!-- Generated by org.testng.reporters.JUnitXMLReporter -->
<testsuite ignored="0" hostname="Chetan-pc" failures="0" tests="2" name="Test1" time="27.558" errors="0" timestamp="2024-09-23T16:28:34 IST">
  <testcase classname="com.workoutworks.gms.dashboardtest.Working_with_DashboardModuleTest" name="createCategoryAndDeleteTest" time="6.785"/>
  <testcase classname="com.workoutworks.gms.dashboardtest.Working_with_DashboardModuleTest" name="createPackageTypeAndDeletingWithCategoryTest" time="9.675"/>
</testsuite> <!-- Test1 -->
